host: TPH-L24056
Building DAG of jobs...
Using shell: /usr/bin/bash
Provided cores: 1 (use --cores to define parallelism)
Rules claiming more threads will be scaled down.
Job stats:
job                               count
------------------------------  -------
all                                   1
curate                                1
extend_metadata                       1
extract_ncbi_dataset_sequences        1
fetch_ncbi_dataset_package            1
format_ncbi_dataset_report            1
format_ncbi_datasets_ndjson           1
metadata                              1
nextclade                             1
sort                                  1
total                                10

Select jobs to execute...
Execute 1 jobs...

[Fri Jan 31 16:46:57 2025]
localrule fetch_ncbi_dataset_package:
    output: data/ncbi_dataset.zip
    jobid: 5
    benchmark: benchmarks/fetch_ncbi_dataset_package.txt
    reason: Missing output files: data/ncbi_dataset.zip
    resources: tmpdir=/tmp

[Fri Jan 31 16:46:57 2025]
Error in rule fetch_ncbi_dataset_package:
    jobid: 5
    output: data/ncbi_dataset.zip
    shell:
        
        datasets download virus genome taxon --inputfile 277944             --no-progressbar             --filename data/ncbi_dataset.zip
        
        (one of the commands exited with non-zero exit code; note that snakemake uses bash strict mode!)

Trying to restart job 5.
Select jobs to execute...
Execute 1 jobs...

[Fri Jan 31 16:46:57 2025]
localrule fetch_ncbi_dataset_package:
    output: data/ncbi_dataset.zip
    jobid: 5
    benchmark: benchmarks/fetch_ncbi_dataset_package.txt
    reason: Missing output files: data/ncbi_dataset.zip
    resources: tmpdir=/tmp

[Fri Jan 31 16:46:57 2025]
Error in rule fetch_ncbi_dataset_package:
    jobid: 5
    output: data/ncbi_dataset.zip
    shell:
        
        datasets download virus genome taxon --inputfile 277944             --no-progressbar             --filename data/ncbi_dataset.zip
        
        (one of the commands exited with non-zero exit code; note that snakemake uses bash strict mode!)

Trying to restart job 5.
Select jobs to execute...
Execute 1 jobs...

[Fri Jan 31 16:46:57 2025]
localrule fetch_ncbi_dataset_package:
    output: data/ncbi_dataset.zip
    jobid: 5
    benchmark: benchmarks/fetch_ncbi_dataset_package.txt
    reason: Missing output files: data/ncbi_dataset.zip
    resources: tmpdir=/tmp

[Fri Jan 31 16:46:57 2025]
Error in rule fetch_ncbi_dataset_package:
    jobid: 5
    output: data/ncbi_dataset.zip
    shell:
        
        datasets download virus genome taxon --inputfile 277944             --no-progressbar             --filename data/ncbi_dataset.zip
        
        (one of the commands exited with non-zero exit code; note that snakemake uses bash strict mode!)

Trying to restart job 5.
Select jobs to execute...
Execute 1 jobs...

[Fri Jan 31 16:46:57 2025]
localrule fetch_ncbi_dataset_package:
    output: data/ncbi_dataset.zip
    jobid: 5
    benchmark: benchmarks/fetch_ncbi_dataset_package.txt
    reason: Missing output files: data/ncbi_dataset.zip
    resources: tmpdir=/tmp

[Fri Jan 31 16:46:57 2025]
Error in rule fetch_ncbi_dataset_package:
    jobid: 5
    output: data/ncbi_dataset.zip
    shell:
        
        datasets download virus genome taxon --inputfile 277944             --no-progressbar             --filename data/ncbi_dataset.zip
        
        (one of the commands exited with non-zero exit code; note that snakemake uses bash strict mode!)

Trying to restart job 5.
Select jobs to execute...
Execute 1 jobs...

[Fri Jan 31 16:46:57 2025]
localrule fetch_ncbi_dataset_package:
    output: data/ncbi_dataset.zip
    jobid: 5
    benchmark: benchmarks/fetch_ncbi_dataset_package.txt
    reason: Missing output files: data/ncbi_dataset.zip
    resources: tmpdir=/tmp

[Fri Jan 31 16:46:57 2025]
Error in rule fetch_ncbi_dataset_package:
    jobid: 5
    output: data/ncbi_dataset.zip
    shell:
        
        datasets download virus genome taxon --inputfile 277944             --no-progressbar             --filename data/ncbi_dataset.zip
        
        (one of the commands exited with non-zero exit code; note that snakemake uses bash strict mode!)

Trying to restart job 5.
Select jobs to execute...
Execute 1 jobs...

[Fri Jan 31 16:46:57 2025]
localrule fetch_ncbi_dataset_package:
    output: data/ncbi_dataset.zip
    jobid: 5
    benchmark: benchmarks/fetch_ncbi_dataset_package.txt
    reason: Missing output files: data/ncbi_dataset.zip
    resources: tmpdir=/tmp

[Fri Jan 31 16:46:57 2025]
Error in rule fetch_ncbi_dataset_package:
    jobid: 5
    output: data/ncbi_dataset.zip
    shell:
        
        datasets download virus genome taxon --inputfile 277944             --no-progressbar             --filename data/ncbi_dataset.zip
        
        (one of the commands exited with non-zero exit code; note that snakemake uses bash strict mode!)

Shutting down, this might take some time.
Exiting because a job execution failed. Look above for error message
Complete log: .snakemake/log/2025-01-31T164657.088401.snakemake.log
WorkflowError:
At least one job did not complete successfully.
