host: TPH-L24056
Building DAG of jobs...
Using shell: /usr/bin/bash
Provided cores: 9
Rules claiming more threads will be scaled down.
Job stats:
job      count
-----  -------
all          1
total        1

Select jobs to execute...
Execute 1 jobs...

[Fri Mar 28 18:16:36 2025]
localrule all:
    input: data/sequences.fasta, data/metadata.tsv
    jobid: 0
    reason: Forced execution
    resources: tmpdir=/tmp

[Fri Mar 28 18:16:36 2025]
Finished job 0.
1 of 1 steps (100%) done
Complete log: .snakemake/log/2025-03-28T181636.444679.snakemake.log
