host: TPH-L24056
Building DAG of jobs...
Using shell: /usr/bin/bash
Provided cores: 1 (use --cores to define parallelism)
Rules claiming more threads will be scaled down.
Job stats:
job                count
---------------  -------
all                    1
extend_metadata        1
total                  2

Select jobs to execute...
Execute 1 jobs...

[Mon Feb  3 17:57:18 2025]
localrule extend_metadata:
    input: data/references/nextclade.tsv, data/metadata_raw.tsv
    output: data/metadata.tsv
    jobid: 7
    reason: Missing output files: data/metadata.tsv
    resources: tmpdir=/tmp

[Mon Feb  3 17:57:18 2025]
Finished job 7.
1 of 2 steps (50%) done
Select jobs to execute...
Execute 1 jobs...

[Mon Feb  3 17:57:18 2025]
localrule all:
    input: data/sequences.fasta, data/metadata.tsv
    jobid: 0
    reason: Input files updated by another job: data/metadata.tsv
    resources: tmpdir=/tmp

[Mon Feb  3 17:57:18 2025]
Finished job 0.
2 of 2 steps (100%) done
Complete log: .snakemake/log/2025-02-03T175717.640299.snakemake.log
