host: TPH-L24056
Building DAG of jobs...
Using shell: /usr/bin/bash
Provided cores: 9
Rules claiming more threads will be scaled down.
Job stats:
job                count
---------------  -------
all                    1
extend_metadata        1
metadata               1
nextclade              1
sort                   1
total                  5

Select jobs to execute...
Execute 1 jobs...

[Fri Mar 28 18:18:10 2025]
localrule sort:
    input: data/trans_sequences.fasta
    output: data/sequences.fasta
    jobid: 1
    reason: Missing output files: data/sequences.fasta
    resources: tmpdir=/tmp

[Fri Mar 28 18:18:10 2025]
Finished job 1.
1 of 5 steps (20%) done
Select jobs to execute...
Execute 2 jobs...

[Fri Mar 28 18:18:10 2025]
localrule nextclade:
    input: data/sequences.fasta, data/references/reference.fasta
    output: data/references/nextclade.tsv
    jobid: 8
    reason: Input files updated by another job: data/sequences.fasta
    threads: 8
    resources: tmpdir=/tmp


[Fri Mar 28 18:18:10 2025]
localrule metadata:
    input: data/trans_metadata.tsv, data/sequences.fasta
    output: data/metadata_raw.tsv
    jobid: 9
    reason: Input files updated by another job: data/sequences.fasta
    resources: tmpdir=/tmp

[Fri Mar 28 18:18:12 2025]
Finished job 8.
2 of 5 steps (40%) done
[Fri Mar 28 18:18:12 2025]
Finished job 9.
3 of 5 steps (60%) done
Select jobs to execute...
Execute 1 jobs...

[Fri Mar 28 18:18:12 2025]
localrule extend_metadata:
    input: data/references/nextclade.tsv, data/metadata_raw.tsv
    output: data/metadata.tsv
    jobid: 7
    reason: Missing output files: data/metadata.tsv; Input files updated by another job: data/metadata_raw.tsv, data/references/nextclade.tsv
    resources: tmpdir=/tmp

[Fri Mar 28 18:18:12 2025]
Finished job 7.
4 of 5 steps (80%) done
Select jobs to execute...
Execute 1 jobs...

[Fri Mar 28 18:18:12 2025]
localrule all:
    input: data/sequences.fasta, data/metadata.tsv
    jobid: 0
    reason: Input files updated by another job: data/sequences.fasta, data/metadata.tsv
    resources: tmpdir=/tmp

[Fri Mar 28 18:18:12 2025]
Finished job 0.
5 of 5 steps (100%) done
Complete log: .snakemake/log/2025-03-28T181809.844574.snakemake.log
