host: TPH-L24056
Building DAG of jobs...
Using shell: /usr/bin/bash
Provided cores: 9
Rules claiming more threads will be scaled down.
Job stats:
job          count
---------  -------
export           1
translate        1
total            2

Select jobs to execute...
Execute 1 jobs...

[Tue Apr  1 15:57:06 2025]
Job 13: Translating amino acid sequences
Reason: Missing output files: nucleocapsid/results/aa_muts.json

[Tue Apr  1 15:57:09 2025]
Finished job 13.
1 of 2 steps (50%) done
Select jobs to execute...
Execute 1 jobs...

[Tue Apr  1 15:57:09 2025]
Job 0: Creating auspice JSONs
Reason: Missing output files: auspice/HCoV_OC43_nucleocapsid-accession.json; Input files updated by another job: nucleocapsid/results/aa_muts.json

[Tue Apr  1 15:58:35 2025]
Finished job 0.
2 of 2 steps (100%) done
Complete log: .snakemake/log/2025-04-01T155706.203496.snakemake.log
