host: TPH-L24056
Building DAG of jobs...
Using shell: /usr/bin/bash
Provided cores: 9
Rules claiming more threads will be scaled down.
Job stats:
job                count
---------------  -------
blast                  1
blast_sort             1
extract                1
filter                 1
index_sequences        1
total                  5

Select jobs to execute...
Execute 1 jobs...

[Tue Apr  1 15:30:14 2025]
localrule extract:
    input: ingest/data/references/oc43_full_reference.gb
    output: whole_genome/results/extracted.fasta
    jobid: 5
    reason: Missing output files: whole_genome/results/extracted.fasta
    wildcards: seg=whole_genome
    resources: tmpdir=/tmp

[Tue Apr  1 15:30:14 2025]
Finished job 5.
1 of 5 steps (20%) done
Select jobs to execute...
Execute 1 jobs...

[Tue Apr  1 15:30:14 2025]
localrule blast:
    input: whole_genome/results/extracted.fasta, data/sequences.fasta
    output: temp/whole_genome/blast_out.csv
    jobid: 4
    reason: Missing output files: temp/whole_genome/blast_out.csv; Input files updated by another job: whole_genome/results/extracted.fasta
    wildcards: seg=whole_genome
    resources: tmpdir=/tmp

[Tue Apr  1 15:30:23 2025]
Finished job 4.
2 of 5 steps (40%) done
Select jobs to execute...
Execute 1 jobs...

[Tue Apr  1 15:30:23 2025]
localrule blast_sort:
    input: temp/whole_genome/blast_out.csv, data/sequences.fasta
    output: whole_genome/results/sequences.fasta, whole_genome/results/blast_whole_genome_length.tsv
    jobid: 3
    reason: Missing output files: whole_genome/results/sequences.fasta; Input files updated by another job: temp/whole_genome/blast_out.csv
    wildcards: seg=whole_genome
    resources: tmpdir=/tmp

[Tue Apr  1 15:30:24 2025]
Finished job 3.
3 of 5 steps (60%) done
Select jobs to execute...
Execute 1 jobs...

[Tue Apr  1 15:30:24 2025]
Job 2: 
        Creating an index of sequence composition for filtering.
        
Reason: Missing output files: whole_genome/results/sequence_index.tsv; Input files updated by another job: whole_genome/results/sequences.fasta

[Tue Apr  1 15:30:25 2025]
Finished job 2.
4 of 5 steps (80%) done
Select jobs to execute...
Execute 1 jobs...

[Tue Apr  1 15:30:25 2025]
Job 0: 
        Filtering to
          
          - from 1960 onwards
          - excluding strains in config/dropped_strains.txt
        
Reason: Missing output files: whole_genome/results/filtered.fasta; Input files updated by another job: whole_genome/results/sequence_index.tsv

[Tue Apr  1 15:30:26 2025]
Finished job 0.
5 of 5 steps (100%) done
Complete log: .snakemake/log/2025-04-01T153014.317302.snakemake.log
