host: TPH-L24056
Building DAG of jobs...
Using shell: /usr/bin/bash
Provided cores: 9
Rules claiming more threads will be scaled down.
Job stats:
job      count
-----  -------
tree         1
total        1

Select jobs to execute...
Execute 1 jobs...

[Tue Apr  1 15:32:22 2025]
Job 0: 
        Creating a maximum likelihood tree
        
Reason: Missing output files: nucleocapsid/results/tree_raw.nwk

[Tue Apr  1 15:33:22 2025]
Finished job 0.
1 of 1 steps (100%) done
Complete log: .snakemake/log/2025-04-01T153222.252320.snakemake.log
