host: TPH-L24056
Building DAG of jobs...
Using shell: /usr/bin/bash
Provided cores: 9
Rules claiming more threads will be scaled down.
Job stats:
job                      count
---------------------  -------
reference_gb_to_fasta        1
total                        1

Select jobs to execute...
Execute 1 jobs...

[Tue Apr  1 15:31:41 2025]
Job 0: 
        Converting reference sequence from genbank to fasta format and putting it in the reference folders of your proteins
        
Reason: Missing output files: nucleocapsid/results/reference_sequence.fasta

[Tue Apr  1 15:31:42 2025]
Finished job 0.
1 of 1 steps (100%) done
Complete log: .snakemake/log/2025-04-01T153141.710361.snakemake.log
