host: TPH-L24056
Building DAG of jobs...
Using shell: /usr/bin/bash
Provided cores: 9
Rules claiming more threads will be scaled down.
Job stats:
job       count
------  -------
filter        1
total         1

Select jobs to execute...
Execute 1 jobs...

[Tue Apr  1 15:28:27 2025]
Job 0: 
        Filtering to
          
          - from 1960 onwards
          - excluding strains in config/dropped_strains.txt
        
Reason: Missing output files: nucleocapsid/results/filtered.fasta

[Tue Apr  1 15:28:28 2025]
Finished job 0.
1 of 1 steps (100%) done
Complete log: .snakemake/log/2025-04-01T152827.478328.snakemake.log
