host: TPH-L24056
Building DAG of jobs...
Using shell: /usr/bin/bash
Provided cores: 9
Rules claiming more threads will be scaled down.
Job stats:
job                count
---------------  -------
index_sequences        1
total                  1

Select jobs to execute...
Execute 1 jobs...

[Tue Apr  1 15:27:50 2025]
Job 0: 
        Creating an index of sequence composition for filtering.
        
Reason: Missing output files: nucleocapsid/results/sequence_index.tsv

[Tue Apr  1 15:27:51 2025]
Finished job 0.
1 of 1 steps (100%) done
Complete log: .snakemake/log/2025-04-01T152750.567882.snakemake.log
