host: TPH-L24056
Building DAG of jobs...
Using shell: /usr/bin/bash
Provided cores: 9
Rules claiming more threads will be scaled down.
Job stats:
job           count
----------  -------
blast             1
blast_sort        1
extract           1
total             3

Select jobs to execute...
Execute 1 jobs...

[Tue Apr  1 15:22:55 2025]
localrule extract:
    input: ingest/data/references/oc43_full_reference.gb
    output: nucleocapsid/results/extracted.fasta
    jobid: 2
    reason: Updated input files: ingest/data/references/oc43_full_reference.gb
    wildcards: seg=nucleocapsid
    resources: tmpdir=/tmp

[Tue Apr  1 15:22:55 2025]
Finished job 2.
1 of 3 steps (33%) done
Select jobs to execute...
Execute 1 jobs...

[Tue Apr  1 15:22:55 2025]
localrule blast:
    input: nucleocapsid/results/extracted.fasta, data/sequences.fasta
    output: temp/nucleocapsid/blast_out.csv
    jobid: 1
    reason: Missing output files: temp/nucleocapsid/blast_out.csv; Input files updated by another job: nucleocapsid/results/extracted.fasta
    wildcards: seg=nucleocapsid
    resources: tmpdir=/tmp

[Tue Apr  1 15:22:58 2025]
Finished job 1.
2 of 3 steps (67%) done
Select jobs to execute...
Execute 1 jobs...

[Tue Apr  1 15:22:58 2025]
localrule blast_sort:
    input: temp/nucleocapsid/blast_out.csv, data/sequences.fasta
    output: nucleocapsid/results/sequences.fasta, nucleocapsid/results/blast_nucleocapsid_length.tsv
    jobid: 0
    reason: Input files updated by another job: temp/nucleocapsid/blast_out.csv
    wildcards: seg=nucleocapsid
    resources: tmpdir=/tmp

[Tue Apr  1 15:22:59 2025]
Finished job 0.
3 of 3 steps (100%) done
Complete log: .snakemake/log/2025-04-01T152255.391471.snakemake.log
