host: TPH-L24056
Building DAG of jobs...
Using shell: /usr/bin/bash
Provided cores: 9
Rules claiming more threads will be scaled down.
Job stats:
job                count
---------------  -------
align                  1
blast                  1
blast_sort             1
filter                 1
index_sequences        1
total                  5

Select jobs to execute...
Execute 1 jobs...

[Tue Apr  1 15:31:57 2025]
localrule blast:
    input: nucleocapsid/results/extracted.fasta, data/sequences.fasta
    output: temp/nucleocapsid/blast_out.csv
    jobid: 5
    reason: Updated input files: data/sequences.fasta
    wildcards: seg=nucleocapsid
    resources: tmpdir=/tmp

[Tue Apr  1 15:32:00 2025]
Finished job 5.
1 of 5 steps (20%) done
Select jobs to execute...
Execute 1 jobs...

[Tue Apr  1 15:32:00 2025]
localrule blast_sort:
    input: temp/nucleocapsid/blast_out.csv, data/sequences.fasta
    output: nucleocapsid/results/sequences.fasta, nucleocapsid/results/blast_nucleocapsid_length.tsv
    jobid: 4
    reason: Input files updated by another job: temp/nucleocapsid/blast_out.csv
    wildcards: seg=nucleocapsid
    resources: tmpdir=/tmp

[Tue Apr  1 15:32:02 2025]
Finished job 4.
2 of 5 steps (40%) done
Select jobs to execute...
Execute 1 jobs...

[Tue Apr  1 15:32:02 2025]
Job 3: 
        Creating an index of sequence composition for filtering.
        
Reason: Input files updated by another job: nucleocapsid/results/sequences.fasta

[Tue Apr  1 15:32:02 2025]
Finished job 3.
3 of 5 steps (60%) done
Select jobs to execute...
Execute 1 jobs...

[Tue Apr  1 15:32:02 2025]
Job 1: 
        Filtering to
          
          - from 1960 onwards
          - excluding strains in config/dropped_strains.txt
        
Reason: Input files updated by another job: nucleocapsid/results/sequence_index.tsv

[Tue Apr  1 15:32:03 2025]
Finished job 1.
4 of 5 steps (80%) done
Select jobs to execute...
Execute 1 jobs...

[Tue Apr  1 15:32:03 2025]
Job 0: 
            Aligning sequences to nucleocapsid/results/reference_sequence.fasta using Nextalign.
            
Reason: Input files updated by another job: nucleocapsid/results/filtered.fasta

[Tue Apr  1 15:32:05 2025]
Finished job 0.
5 of 5 steps (100%) done
Complete log: .snakemake/log/2025-04-01T153157.657608.snakemake.log
