host: TPH-L24056
Building DAG of jobs...
Using shell: /usr/bin/bash
Provided cores: 9
Rules claiming more threads will be scaled down.
Job stats:
job       count
------  -------
refine        1
total         1

Select jobs to execute...
Execute 1 jobs...

[Tue Apr  1 15:39:25 2025]
Job 0: 
        Refining tree by rerooting and resolving polytomies
          - estimate timetree
          - use opt coalescent timescale
          - estimate marginal node dates
          - filter tips more than 3 IQDs from clock expectation
        
Reason: Missing output files: nucleocapsid/results/branch_lengths.json

[Tue Apr  1 15:45:58 2025]
Finished job 0.
1 of 1 steps (100%) done
Complete log: .snakemake/log/2025-04-01T153925.388469.snakemake.log
