host: TPH-L24056
Building DAG of jobs...
Using shell: /usr/bin/bash
Provided cores: 9
Rules claiming more threads will be scaled down.
Job stats:
job                count
---------------  -------
blast                  1
blast_sort             1
extract                1
filter                 1
index_sequences        1
total                  5

Select jobs to execute...
Execute 1 jobs...

[Tue Apr  1 15:29:49 2025]
localrule extract:
    input: ingest/data/references/oc43_full_reference.gb
    output: spike/results/extracted.fasta
    jobid: 5
    reason: Missing output files: spike/results/extracted.fasta
    wildcards: seg=spike
    resources: tmpdir=/tmp

[Tue Apr  1 15:29:49 2025]
Finished job 5.
1 of 5 steps (20%) done
Select jobs to execute...
Execute 1 jobs...

[Tue Apr  1 15:29:49 2025]
localrule blast:
    input: spike/results/extracted.fasta, data/sequences.fasta
    output: temp/spike/blast_out.csv
    jobid: 4
    reason: Missing output files: temp/spike/blast_out.csv; Input files updated by another job: spike/results/extracted.fasta
    wildcards: seg=spike
    resources: tmpdir=/tmp

[Tue Apr  1 15:29:53 2025]
Finished job 4.
2 of 5 steps (40%) done
Select jobs to execute...
Execute 1 jobs...

[Tue Apr  1 15:29:53 2025]
localrule blast_sort:
    input: temp/spike/blast_out.csv, data/sequences.fasta
    output: spike/results/sequences.fasta, spike/results/blast_spike_length.tsv
    jobid: 3
    reason: Missing output files: spike/results/sequences.fasta; Input files updated by another job: temp/spike/blast_out.csv
    wildcards: seg=spike
    resources: tmpdir=/tmp

[Tue Apr  1 15:29:54 2025]
Finished job 3.
3 of 5 steps (60%) done
Select jobs to execute...
Execute 1 jobs...

[Tue Apr  1 15:29:54 2025]
Job 2: 
        Creating an index of sequence composition for filtering.
        
Reason: Missing output files: spike/results/sequence_index.tsv; Input files updated by another job: spike/results/sequences.fasta

[Tue Apr  1 15:29:54 2025]
Finished job 2.
4 of 5 steps (80%) done
Select jobs to execute...
Execute 1 jobs...

[Tue Apr  1 15:29:54 2025]
Job 0: 
        Filtering to
          
          - from 1960 onwards
          - excluding strains in config/dropped_strains.txt
        
Reason: Missing output files: spike/results/filtered.fasta; Input files updated by another job: spike/results/sequence_index.tsv

[Tue Apr  1 15:29:55 2025]
Finished job 0.
5 of 5 steps (100%) done
Complete log: .snakemake/log/2025-04-01T152949.300805.snakemake.log
