host: TPH-L24056
Building DAG of jobs...
Using shell: /usr/bin/bash
Provided cores: 9
Rules claiming more threads will be scaled down.
Job stats:
job        count
-------  -------
extract        1
total          1

Select jobs to execute...
Execute 1 jobs...

[Tue Apr  1 15:07:31 2025]
localrule extract:
    input: ingest/data/references/oc43_full_reference.gb
    output: nucleocapsid/results/extracted.fasta
    jobid: 0
    reason: Missing output files: nucleocapsid/results/extracted.fasta
    wildcards: seg=nucleocapsid
    resources: tmpdir=/tmp

[Tue Apr  1 15:07:32 2025]
Finished job 0.
1 of 1 steps (100%) done
Complete log: .snakemake/log/2025-04-01T150731.707825.snakemake.log
