host: TPH-L24056
Building DAG of jobs...
Using shell: /usr/bin/bash
Provided cores: 9
Rules claiming more threads will be scaled down.
Job stats:
job                    count
-------------------  -------
update_strain_names        1
total                      1

Select jobs to execute...
Execute 1 jobs...

[Tue Apr  1 14:01:33 2025]
Job 0: 
        Updating strain information in metadata.
        
Reason: Missing output files: data/updated_strain_names.tsv

[Tue Apr  1 14:01:33 2025]
Error in rule update_strain_names:
    jobid: 0
    input: data/metadata.tsv
    output: data/updated_strain_names.tsv
    shell:
        
        time bash scripts/update_strain.sh data/metadata.tsv data/strain_names_previous_run.tsv data/updated_strain_names.tsv
        
        (one of the commands exited with non-zero exit code; note that snakemake uses bash strict mode!)

Shutting down, this might take some time.
Exiting because a job execution failed. Look above for error message
Complete log: .snakemake/log/2025-04-01T140133.695744.snakemake.log
WorkflowError:
At least one job did not complete successfully.
