host: TPH-L24056
Building DAG of jobs...
Using shell: /usr/bin/bash
Provided cores: 9
Rules claiming more threads will be scaled down.
Job stats:
job      count
-----  -------
fetch        1
total        1

Select jobs to execute...
Execute 1 jobs...

[Tue Apr  1 14:01:16 2025]
localrule fetch:
    input: ingest
    output: data/sequences.fasta, data/metadata.tsv
    jobid: 0
    reason: Missing output files: data/sequences.fasta, data/metadata.tsv
    resources: tmpdir=/tmp

[Tue Apr  1 14:01:17 2025]
Finished job 0.
1 of 1 steps (100%) done
Complete log: .snakemake/log/2025-04-01T140116.528040.snakemake.log
